0 info it worked if it ends with ok
1 verbose cli [ '/usr/bin/node', '/usr/bin/npm', 'start' ]
2 info using npm@2.11.3
3 info using node@v0.12.7
4 verbose node symlink /usr/bin/node
5 verbose run-script [ 'prestart', 'start', 'poststart' ]
6 info prestart logophile@0.2.0
7 info start logophile@0.2.0
8 verbose unsafe-perm in lifecycle true
9 info logophile@0.2.0 Failed to exec start script
10 verbose stack Error: logophile@0.2.0 start: `/home/snow/Documents/logophile/index.js`
10 verbose stack Exit status 126
10 verbose stack     at EventEmitter.<anonymous> (/usr/lib/node_modules/npm/lib/utils/lifecycle.js:213:16)
10 verbose stack     at EventEmitter.emit (events.js:110:17)
10 verbose stack     at ChildProcess.<anonymous> (/usr/lib/node_modules/npm/lib/utils/spawn.js:24:14)
10 verbose stack     at ChildProcess.emit (events.js:110:17)
10 verbose stack     at maybeClose (child_process.js:1015:16)
10 verbose stack     at Process.ChildProcess._handle.onexit (child_process.js:1087:5)
11 verbose pkgid logophile@0.2.0
12 verbose cwd /home/snow/Documents/logophile
13 error Linux 3.19.0-28-generic
14 error argv "/usr/bin/node" "/usr/bin/npm" "start"
15 error node v0.12.7
16 error npm  v2.11.3
17 error code ELIFECYCLE
18 error logophile@0.2.0 start: `/home/snow/Documents/logophile/index.js`
18 error Exit status 126
19 error Failed at the logophile@0.2.0 start script '/home/snow/Documents/logophile/index.js'.
19 error This is most likely a problem with the logophile package,
19 error not with npm itself.
19 error Tell the author that this fails on your system:
19 error     /home/snow/Documents/logophile/index.js
19 error You can get their info via:
19 error     npm owner ls logophile
19 error There is likely additional logging output above.
20 verbose exit [ 1, true ]
